[ 2520:  7692: 43310149] 91001 : ============ Initializing PDF Complete Installation ============
[ 2520:  7692: 43310219] 91002 : Time ->13.08.2012 12:01:50<-
[ 2520:  7692: 43310220] 91003 : OS Version        ->12<-
[ 2520:  7692: 43310222] 91004 : Terminal Server   ->False<-
[ 2520:  7692: 43310224] 91005 : System32 Path     ->C:\Windows\SysWOW64\<-
[ 2520:  7692: 43310226] 91006 : OSType64          ->True<-
[ 2520:  7692: 43310227] 91007 : System64 Path     ->C:\Windows\System32\<-
[ 2520:  7692: 43310230] 91008 : Processor Type    ->9<-
[ 2520:  7692: 43310232] 91009 : Windows Temp Path ->C:\Users\User\AppData\Local\Temp\<-
[ 2520:  7692: 43310235] 91010 : PDF Language      ->11<-
[ 2520:  7692: 43310236] 91011 : Matches Locale    ->True<-
[ 2520:  7692: 43310237] 91012 : UserCanWrite HKLM ->True<-
[ 2520:  7692: 43310238] 91013 : Can User Install  ->True<-
[ 2520:  7692: 43310239] 91014 : Win UserName      ->User<-
[ 2520:  7692: 43310240] 91015 : Win Full UserName ->WorkStation\User<-
[ 2520:  7692: 43310241] 91048 : Launch By ->0<-
[ 2520:  7692: 43310251] 91018 : FExeDir ->C:\swsetup\sp54922\<-
[ 2520:  7692: 43310252] 91019 : FRegistryInstallPath ->C:\Program Files (x86)\PDF Complete\<-
[ 2520:  7692: 43310253] 91020 : FPgmInstallPath ->C:\Program Files (x86)\PDF Complete\<-
[ 2520:  7692: 43310254] 91021 : FAppDataPath ->C:\ProgramData\PDFC\<-
[ 2520:  7692: 43310254] 91022 : FPatchPath ->C:\ProgramData\PDFC\Patch\<-
[ 2520:  7692: 43310255] 91051 : FTempDir ->C:\Users\User\AppData\Local\Temp\<-
[ 2520:  7692: 43310257] 91047 : Silent Install
[ 2520:  7692: 43310258] 91025 : Unpacking Files to Patch Folder
[ 2520:  7692: 43310258] 91026 : Preparing to unpack Install File
[ 2520:  7692: 43310295] 91027 : Unpacking Install File
[ 2520:  7692: 43311698] 91030 : Install File Unpacked
[ 2520:  7692: 43311699] 91031 : Checking for Valid Install Configuration
[ 2520:  7692: 43311929] 91034 : Valid Install Configuration
[ 2520:  7692: 43311931] 91039 : Installing Files From Patch Folder
[ 2520:  7692: 43311934] 91042 : Setting PDF file association to PDFC
[ 2520:  7692: 43311937] 91043 : Installing Pgm, Drivers, and Integration
[ 2520:  7692: 43342109] 91053 : Installation Utility Process Result ->C:\Users\User\AppData\Local\Temp\pdfiutil.exe 0<-
[ 2520:  7692: 43342111] 91044 : Installation Success
[ 2520:  7692: 43342121] 91049 : ============ PDF Complete Installation Finished ============
