07/27/2012 11:25:09 Entered ServiceMain
07/27/2012 11:25:09 Entered InitService
07/27/2012 11:25:09 Successfully created commands communications channel
07/27/2012 11:25:09 Successfully created results communications channel
07/27/2012 11:25:09 Exiting InitService
07/27/2012 11:25:09 *****Stopping SUService logging*****



07/30/2012 12:37:19 Entered ServiceMain
07/30/2012 12:37:19 Entered InitService
07/30/2012 12:37:19 Successfully created commands communications channel
07/30/2012 12:37:19 Successfully created results communications channel
07/30/2012 12:37:19 Exiting InitService
07/30/2012 12:37:19 *****Stopping SUService logging*****



07/30/2012 14:19:17 Returning to OS: 0

07/30/2012 14:19:17 *****Stopping SUService logging*****



07/30/2012 14:21:32 Entered ServiceMain
07/30/2012 14:21:32 Entered InitService
07/30/2012 14:21:32 Successfully created commands communications channel
07/30/2012 14:21:32 Successfully created results communications channel
07/30/2012 14:21:32 Exiting InitService
07/30/2012 14:21:32 *****Stopping SUService logging*****



07/31/2012 10:01:49 Returning to OS: 0

07/31/2012 10:01:49 *****Stopping SUService logging*****



07/31/2012 10:03:46 Entered ServiceMain
07/31/2012 10:03:46 Entered InitService
07/31/2012 10:03:46 Successfully created commands communications channel
07/31/2012 10:03:46 Successfully created results communications channel
07/31/2012 10:03:46 Exiting InitService
07/31/2012 10:03:46 *****Stopping SUService logging*****



08/01/2012 09:42:25 Returning to OS: 0

08/01/2012 09:42:25 *****Stopping SUService logging*****



08/01/2012 09:44:36 Entered ServiceMain
08/01/2012 09:44:36 Entered InitService
08/01/2012 09:44:36 Successfully created commands communications channel
08/01/2012 09:44:36 Successfully created results communications channel
08/01/2012 09:44:36 Exiting InitService
08/01/2012 09:44:36 *****Stopping SUService logging*****



08/01/2012 11:08:56 Returning to OS: 0

08/01/2012 11:08:56 *****Stopping SUService logging*****



08/01/2012 11:10:59 Entered ServiceMain
08/01/2012 11:10:59 Entered InitService
08/01/2012 11:10:59 Successfully created commands communications channel
08/01/2012 11:10:59 Successfully created results communications channel
08/01/2012 11:10:59 Exiting InitService
08/01/2012 11:10:59 *****Stopping SUService logging*****



08/01/2012 11:18:58 Returning to OS: 0

08/01/2012 11:18:58 *****Stopping SUService logging*****



08/01/2012 11:20:41 Entered ServiceMain
08/01/2012 11:20:41 Entered InitService
08/01/2012 11:20:41 Successfully created commands communications channel
08/01/2012 11:20:41 Successfully created results communications channel
08/01/2012 11:20:41 Exiting InitService
08/01/2012 11:20:41 *****Stopping SUService logging*****



08/01/2012 13:55:25 Entered ServiceMain
08/01/2012 13:55:25 Entered InitService
08/01/2012 13:55:25 Successfully created commands communications channel
08/01/2012 13:55:25 Successfully created results communications channel
08/01/2012 13:55:25 Exiting InitService
08/01/2012 13:55:25 *****Stopping SUService logging*****



08/01/2012 14:07:23 Entered ServiceMain
08/01/2012 14:07:23 Entered InitService
08/01/2012 14:07:23 Successfully created commands communications channel
08/01/2012 14:07:23 Successfully created results communications channel
08/01/2012 14:07:23 Exiting InitService
08/01/2012 14:07:23 *****Stopping SUService logging*****



08/01/2012 15:07:32 Entered ServiceMain
08/01/2012 15:07:32 Entered InitService
08/01/2012 15:07:32 Successfully created commands communications channel
08/01/2012 15:07:32 Successfully created results communications channel
08/01/2012 15:07:32 Exiting InitService
08/01/2012 15:07:32 *****Stopping SUService logging*****



08/01/2012 15:40:49 Returning to OS: 0

08/01/2012 15:40:49 *****Stopping SUService logging*****



08/01/2012 15:43:25 Entered ServiceMain
08/01/2012 15:43:25 Entered InitService
08/01/2012 15:43:25 Successfully created commands communications channel
08/01/2012 15:43:25 Successfully created results communications channel
08/01/2012 15:43:25 Exiting InitService
08/01/2012 15:43:25 *****Stopping SUService logging*****



08/01/2012 19:20:10 Returning to OS: 0

08/01/2012 19:20:10 *****Stopping SUService logging*****



08/02/2012 09:24:31 Entered ServiceMain
08/02/2012 09:24:31 Entered InitService
08/02/2012 09:24:31 Successfully created commands communications channel
08/02/2012 09:24:31 Successfully created results communications channel
08/02/2012 09:24:31 Exiting InitService
08/02/2012 09:24:31 *****Stopping SUService logging*****



08/02/2012 09:25:16 Returning to OS: 0

08/02/2012 09:25:16 *****Stopping SUService logging*****



08/02/2012 09:27:32 Entered ServiceMain
08/02/2012 09:27:32 Entered InitService
08/02/2012 09:27:32 Successfully created commands communications channel
08/02/2012 09:27:32 Successfully created results communications channel
08/02/2012 09:27:32 Exiting InitService
08/02/2012 09:27:32 *****Stopping SUService logging*****



08/02/2012 11:29:01 Entered ServiceMain
08/02/2012 11:29:01 Entered InitService
08/02/2012 11:29:01 Successfully created commands communications channel
08/02/2012 11:29:01 Successfully created results communications channel
08/02/2012 11:29:01 Exiting InitService
08/02/2012 11:29:01 *****Stopping SUService logging*****



08/02/2012 15:21:10 Returning to OS: 0

08/02/2012 15:21:10 *****Stopping SUService logging*****



